INFO:snips_asr_hermes::handler: Using model from "/usr/share/snips/assistant/custom_asr"
INFO:snips_kaldi::decode::model: Loading model v2
INFO:snips_asr_hermes::handler : Preparing decoder
INFO:snips_asr_hermes::handler : Preparing decoder
INFO:snips_asr_hermes::handler : Listening at site id dining-room
INFO:snips_asr_hermes::handler : Listening
INFO:snips_asr_lib::asr        : T0       entered AsrRunner::run
INFO:snips_asr_lib::asr        : T0+0.000 capture started
INFO:snips_asr_lib::asr        : T0+1.925 endpoint detected (rule:4) frame:116 samples:29696 signal_time:1.856 rtf:0.415
INFO:snips_asr_lib::asr        : T0+1.934 capture ended
INFO:snips_asr_lib::asr        : T0+1.949 decoder finalized
INFO:snips_asr_lib::asr        : T0+1.996 lookup and post-processing done
INFO:snips_asr_lib::asr        : decoded: [Recognition { decoded_string: "unknownword time", likelihood: 0.5953231, tokens: Some([Token { value: "unknownword", confidence: 0.22275218, time: (0.18818243, 0.6184262), range: 0..11 }, Token { value: "time", confidence: 0.7088192, time: (0.66983306, 1.4998236), range: 12..16 }]) }]
INFO:snips_asr_hermes::handler : Publishing the recognition
INFO:snips_asr_hermes::handler : Preparing decoder
INFO:snips_asr_hermes::handler : Listening at site id dining-room
INFO:snips_asr_hermes::handler : Listening
INFO:snips_asr_lib::asr        : T0       entered AsrRunner::run
INFO:snips_asr_lib::asr        : T0+0.000 capture started
INFO:snips_asr_lib::asr        : T0+4.513 endpoint detected (rule:1) frame:273 samples:69888 signal_time:4.368 rtf:0.320
INFO:snips_asr_lib::asr        : T0+4.519 capture ended
INFO:snips_asr_lib::asr        : T0+4.536 decoder finalized
INFO:snips_asr_lib::asr        : T0+4.559 lookup and post-processing done
INFO:snips_asr_lib::asr        : decoded: [Recognition { decoded_string: "", likelihood: 0.0, tokens: Some([]) }]
INFO:snips_asr_hermes::handler : Publishing the recognition
INFO:snips_asr_hermes::handler : Preparing decoder
INFO:snips_asr_hermes::handler : Listening at site id dining-room
INFO:snips_asr_hermes::handler : Listening
INFO:snips_asr_lib::asr        : T0       entered AsrRunner::run
INFO:snips_asr_lib::asr        : T0+0.000 capture started
INFO:snips_asr_lib::asr        : T0+2.096 endpoint detected (rule:4) frame:116 samples:29696 signal_time:1.856 rtf:0.423
INFO:snips_asr_lib::asr        : T0+2.112 capture ended
INFO:snips_asr_lib::asr        : T0+2.158 decoder finalized
INFO:snips_asr_lib::asr        : T0+2.188 lookup and post-processing done
INFO:snips_asr_lib::asr        : decoded: [Recognition { decoded_string: "batman", likelihood: 0.656547, tokens: Some([Token { value: "batman", confidence: 0.656547, time: (0.056412928, 1.5094297), range: 0..6 }]) }]
INFO:snips_asr_hermes::handler : Publishing the recognition
INFO:snips_asr_hermes::handler : Preparing decoder
INFO:snips_asr_hermes::handler : Listening at site id lounge
INFO:snips_asr_hermes::handler : Listening
INFO:snips_asr_lib::asr        : T0       entered AsrRunner::run
INFO:snips_asr_lib::asr        : T0+0.000 capture started
INFO:snips_asr_lib::asr        : T0+2.768 endpoint detected (rule:4) frame:168 samples:43008 signal_time:2.688 rtf:0.472
INFO:snips_asr_lib::asr        : T0+2.781 capture ended
INFO:snips_asr_lib::asr        : T0+2.806 decoder finalized
INFO:snips_asr_lib::asr        : T0+2.855 lookup and post-processing done
INFO:snips_asr_lib::asr        : decoded: [Recognition { decoded_string: "play call made unknownword", likelihood: 0.6638327, tokens: Some([Token { value: "play", confidence: 1.0, time: (0.0, 0.65999997), range: 0..4 }, Token { value: "call", confidence: 0.9414814, time: (0.65999997, 0.94862854), range: 5..9 }, Token { value: "made", confidence: 0.41252747, time: (0.97122824, 1.4075695), range: 10..14 }, Token { value: "unknownword", confidence: 0.23052438, time: (1.4442699, 2.5097091), range: 15..26 }]) }]
INFO:snips_asr_hermes::handler : Publishing the recognition
INFO:snips_asr_hermes::handler : Preparing decoder
INFO:snips_asr_hermes::handler : Listening at site id dining-room
INFO:snips_asr_hermes::handler : Listening
INFO:snips_asr_lib::asr        : T0       entered AsrRunner::run
INFO:snips_asr_lib::asr        : T0+0.000 capture started
INFO:snips_asr_lib::asr        : T0+4.539 endpoint detected (rule:1) frame:273 samples:69888 signal_time:4.368 rtf:0.479
INFO:snips_asr_lib::asr        : T0+4.540 capture ended
INFO:snips_asr_lib::asr        : T0+4.587 decoder finalized
INFO:snips_asr_lib::asr        : T0+4.643 lookup and post-processing done
INFO:snips_asr_lib::asr        : decoded: [Recognition { decoded_string: "", likelihood: 0.0, tokens: Some([]) }]
INFO:snips_asr_hermes::handler : Publishing the recognition
INFO:snips_asr_hermes::handler : Preparing decoder
