INFO:snips_asr_hermes::handler: Using model from "/usr/share/snips/assistant/custom_asr"
INFO:snips_kaldi::decode::model: Loading model v2
INFO:snips_asr_hermes::handler : Preparing decoder
INFO:snips_asr_hermes::handler : Preparing decoder
INFO:snips_asr_hermes::handler : Listening at site id dining-room
INFO:snips_asr_hermes::handler : Listening
INFO:snips_asr_lib::asr        : T0       entered AsrRunner::run
INFO:snips_asr_lib::asr        : T0+0.000 capture started
INFO:snips_asr_lib::asr        : T0+2.045 endpoint detected (rule:4) frame:116 samples:29696 signal_time:1.856 rtf:0.367
INFO:snips_asr_lib::asr        : T0+2.049 capture ended
INFO:snips_asr_lib::asr        : T0+2.059 decoder finalized
INFO:snips_asr_lib::asr        : T0+2.099 lookup and post-processing done
INFO:snips_asr_lib::asr        : decoded: [Recognition { decoded_string: "unknownword time is it", likelihood: 0.8408964, tokens: Some([Token { value: "unknownword", confidence: 0.24992181, time: (0.14380084, 0.2988922), range: 0..11 }, Token { value: "time", confidence: 1.0, time: (0.2988922, 0.63), range: 12..16 }, Token { value: "is", confidence: 1.0, time: (0.63, 0.87), range: 17..19 }, Token { value: "it", confidence: 1.0, time: (0.87, 1.68), range: 20..22 }]) }]
INFO:snips_asr_hermes::handler : Publishing the recognition
INFO:snips_asr_hermes::handler : Preparing decoder
INFO:snips_asr_hermes::handler : Listening at site id lounge
INFO:snips_asr_hermes::handler : Listening
INFO:snips_asr_lib::asr        : T0       entered AsrRunner::run
INFO:snips_asr_lib::asr        : T0+0.000 capture started
INFO:snips_asr_lib::asr        : T0+1.516 endpoint detected (rule:4) frame:90 samples:23040 signal_time:1.44 rtf:0.370
INFO:snips_asr_lib::asr        : T0+1.525 capture ended
INFO:snips_asr_lib::asr        : T0+1.545 decoder finalized
INFO:snips_asr_lib::asr        : T0+1.561 lookup and post-processing done
INFO:snips_asr_lib::asr        : decoded: [Recognition { decoded_string: "time is it", likelihood: 1.0, tokens: Some([Token { value: "time", confidence: 1.0, time: (0.0, 0.26999998), range: 0..4 }, Token { value: "is", confidence: 1.0, time: (0.26999998, 0.51), range: 5..7 }, Token { value: "it", confidence: 1.0, time: (0.51, 0.65999997), range: 8..10 }]) }]
INFO:snips_asr_hermes::handler : Publishing the recognition
INFO:snips_asr_hermes::handler : Preparing decoder
INFO:snips_asr_hermes::handler : Listening at site id lounge
INFO:snips_asr_hermes::handler : Listening
INFO:snips_asr_lib::asr        : T0       entered AsrRunner::run
INFO:snips_asr_lib::asr        : T0+0.000 capture started
INFO:snips_asr_lib::asr        : T0+2.193 endpoint detected (rule:4) frame:129 samples:33024 signal_time:2.064 rtf:0.288
INFO:snips_asr_lib::asr        : T0+2.203 capture ended
INFO:snips_asr_lib::asr        : T0+2.211 decoder finalized
INFO:snips_asr_lib::asr        : T0+2.229 lookup and post-processing done
INFO:snips_asr_lib::asr        : decoded: [Recognition { decoded_string: "can i have a shower", likelihood: 0.8993906, tokens: Some([Token { value: "can", confidence: 1.0, time: (0.0, 0.26999998), range: 0..3 }, Token { value: "i", confidence: 0.5884935, time: (0.26999998, 0.35900062), range: 4..5 }, Token { value: "have", confidence: 1.0, time: (0.35900062, 0.59999996), range: 6..10 }, Token { value: "a", confidence: 1.0, time: (0.59999996, 0.65999997), range: 11..12 }, Token { value: "shower", confidence: 1.0, time: (0.65999997, 1.89), range: 13..19 }]) }]
INFO:snips_asr_hermes::handler : Publishing the recognition
INFO:snips_asr_hermes::handler : Preparing decoder
INFO:snips_asr_hermes::handler : Listening at site id lounge
INFO:snips_asr_hermes::handler : Listening
INFO:snips_asr_lib::asr        : T0       entered AsrRunner::run
INFO:snips_asr_lib::asr        : T0+0.000 capture started
INFO:snips_asr_lib::asr        : T0+1.857 endpoint detected (rule:4) frame:116 samples:29696 signal_time:1.856 rtf:0.316
INFO:snips_asr_lib::asr        : T0+1.865 capture ended
INFO:snips_asr_lib::asr        : T0+1.877 decoder finalized
INFO:snips_asr_lib::asr        : T0+1.909 lookup and post-processing done
INFO:snips_asr_lib::asr        : decoded: [Recognition { decoded_string: "no", likelihood: 0.49596843, tokens: Some([Token { value: "no", confidence: 0.49596843, time: (0.0, 1.68), range: 0..2 }]) }]
INFO:snips_asr_hermes::handler : Publishing the recognition
INFO:snips_asr_hermes::handler : Preparing decoder
INFO:snips_asr_hermes::handler : Listening at site id bedroom
INFO:snips_asr_hermes::handler : Listening
INFO:snips_asr_lib::asr        : T0       entered AsrRunner::run
INFO:snips_asr_lib::asr        : T0+0.000 capture started
INFO:snips_asr_lib::asr        : T0+1.340 endpoint detected (rule:4) frame:76 samples:19456 signal_time:1.216 rtf:0.437
INFO:snips_asr_lib::asr        : T0+1.344 capture ended
INFO:snips_asr_lib::asr        : T0+1.368 decoder finalized
INFO:snips_asr_lib::asr        : T0+1.399 lookup and post-processing done
INFO:snips_asr_lib::asr        : decoded: [Recognition { decoded_string: "what time", likelihood: 0.42331475, tokens: Some([Token { value: "what", confidence: 0.3561575, time: (0.0, 0.189218), range: 0..4 }, Token { value: "time", confidence: 0.5031352, time: (0.18994644, 0.699202), range: 5..9 }]) }]
INFO:snips_asr_hermes::handler : Publishing the recognition
INFO:snips_asr_hermes::handler : Preparing decoder
INFO:snips_asr_hermes::handler : Listening at site id lounge
INFO:snips_asr_hermes::handler : Listening
INFO:snips_asr_lib::asr        : T0       entered AsrRunner::run
INFO:snips_asr_lib::asr        : T0+0.000 capture started
INFO:snips_asr_lib::asr        : T0+3.271 endpoint detected (rule:4) frame:195 samples:49920 signal_time:3.12 rtf:0.325
INFO:snips_asr_lib::asr        : T0+3.285 capture ended
INFO:snips_asr_lib::asr        : T0+3.294 decoder finalized
INFO:snips_asr_lib::asr        : T0+3.315 lookup and post-processing done
INFO:snips_asr_lib::asr        : decoded: [Recognition { decoded_string: "turn the radiator in the livingroom off", likelihood: 0.9162545, tokens: Some([Token { value: "turn", confidence: 1.0, time: (0.0, 0.24), range: 0..4 }, Token { value: "the", confidence: 0.97593576, time: (0.24, 0.25732625), range: 5..8 }, Token { value: "radiator", confidence: 0.97593576, time: (0.25732625, 0.93433154), range: 9..17 }, Token { value: "in", confidence: 1.0, time: (0.93433154, 1.14), range: 18..20 }, Token { value: "the", confidence: 1.0, time: (1.14, 1.23), range: 21..24 }, Token { value: "livingroom", confidence: 0.75445825, time: (1.23, 1.7053087), range: 25..35 }, Token { value: "off", confidence: 0.75445825, time: (1.8673662, 2.9399998), range: 36..39 }]) }]
INFO:snips_asr_hermes::handler : Publishing the recognition
INFO:snips_asr_hermes::handler : Preparing decoder
INFO:snips_asr_hermes::handler : Listening at site id lounge
INFO:snips_asr_hermes::handler : Listening
INFO:snips_asr_lib::asr        : T0       entered AsrRunner::run
INFO:snips_asr_lib::asr        : T0+0.000 capture started
INFO:snips_asr_lib::asr        : T0+3.223 endpoint detected (rule:4) frame:195 samples:49920 signal_time:3.12 rtf:0.342
INFO:snips_asr_lib::asr        : T0+3.236 capture ended
INFO:snips_asr_lib::asr        : T0+3.260 decoder finalized
INFO:snips_asr_lib::asr        : T0+3.296 lookup and post-processing done
INFO:snips_asr_lib::asr        : decoded: [Recognition { decoded_string: "turn the radiator in the lounge off", likelihood: 0.99249333, tokens: Some([Token { value: "turn", confidence: 1.0, time: (0.0, 0.39), range: 0..4 }, Token { value: "the", confidence: 1.0, time: (0.39, 0.51), range: 5..8 }, Token { value: "radiator", confidence: 0.980422, time: (0.51, 0.52409613), range: 9..17 }, Token { value: "in", confidence: 1.0, time: (0.52409613, 1.26), range: 18..20 }, Token { value: "the", confidence: 1.0, time: (1.26, 1.35), range: 21..24 }, Token { value: "lounge", confidence: 0.9675651, time: (1.35, 1.3743261), range: 25..31 }, Token { value: "off", confidence: 1.0, time: (1.3743261, 2.9399998), range: 32..35 }]) }]
INFO:snips_asr_hermes::handler : Publishing the recognition
INFO:snips_asr_hermes::handler : Preparing decoder
INFO:snips_asr_hermes::handler : Listening at site id bedroom
INFO:snips_asr_hermes::handler : Listening
INFO:snips_asr_lib::asr        : T0       entered AsrRunner::run
INFO:snips_asr_lib::asr        : T0+0.000 capture started
INFO:snips_asr_lib::asr        : T0+4.109 endpoint detected (rule:4) frame:247 samples:63232 signal_time:3.952 rtf:0.451
INFO:snips_asr_lib::asr        : T0+4.118 capture ended
INFO:snips_asr_lib::asr        : T0+4.136 decoder finalized
INFO:snips_asr_lib::asr        : T0+4.178 lookup and post-processing done
INFO:snips_asr_lib::asr        : decoded: [Recognition { decoded_string: "play next", likelihood: 0.46464324, tokens: Some([Token { value: "play", confidence: 0.49005696, time: (0.20352627, 2.5374427), range: 0..4 }, Token { value: "next", confidence: 0.44054744, time: (2.560969, 3.7647638), range: 5..9 }]) }]
INFO:snips_asr_hermes::handler : Publishing the recognition
INFO:snips_asr_hermes::handler : Preparing decoder
INFO:snips_asr_hermes::handler : Listening at site id bedroom
INFO:snips_asr_hermes::handler : Listening
INFO:snips_asr_lib::asr        : T0       entered AsrRunner::run
INFO:snips_asr_lib::asr        : T0+0.000 capture started
INFO:snips_asr_lib::asr        : T0+3.735 endpoint detected (rule:4) frame:221 samples:56576 signal_time:3.536 rtf:0.327
INFO:snips_asr_lib::asr        : T0+3.748 capture ended
INFO:snips_asr_lib::asr        : T0+3.817 decoder finalized
INFO:snips_asr_lib::asr        : T0+3.831 lookup and post-processing done
INFO:snips_asr_lib::asr        : decoded: [Recognition { decoded_string: "turn the radiator off in the bedroom", likelihood: 0.9936611, tokens: Some([Token { value: "turn", confidence: 1.0, time: (0.0, 0.75), range: 0..4 }, Token { value: "the", confidence: 1.0, time: (0.75, 0.81), range: 5..8 }, Token { value: "radiator", confidence: 1.0, time: (0.81, 0.87), range: 9..17 }, Token { value: "off", confidence: 1.0, time: (0.87, 1.8), range: 18..21 }, Token { value: "in", confidence: 1.0, time: (1.8, 2.07), range: 22..24 }, Token { value: "the", confidence: 1.0, time: (2.07, 2.1599998), range: 25..28 }, Token { value: "bedroom", confidence: 0.9564626, time: (2.166603, 3.36), range: 29..36 }]) }]
INFO:snips_asr_hermes::handler : Publishing the recognition
INFO:snips_asr_hermes::handler : Preparing decoder
INFO:snips_asr_hermes::handler : Listening at site id lounge
INFO:snips_asr_hermes::handler : Listening
INFO:snips_asr_lib::asr        : T0       entered AsrRunner::run
INFO:snips_asr_lib::asr        : T0+0.000 capture started
INFO:snips_asr_lib::asr        : T0+3.801 endpoint detected (rule:2) frame:234 samples:59904 signal_time:3.744 rtf:0.351
INFO:snips_asr_lib::asr        : T0+3.813 capture ended
INFO:snips_asr_lib::asr        : T0+3.848 decoder finalized
INFO:snips_asr_lib::asr        : T0+3.888 lookup and post-processing done
INFO:snips_asr_lib::asr        : decoded: [Recognition { decoded_string: "unknownword", likelihood: 0.5, tokens: Some([Token { value: "unknownword", confidence: 0.09232603, time: (1.3898774, 3.5685418), range: 0..11 }]) }]
INFO:snips_asr_hermes::handler : Publishing the recognition
INFO:snips_asr_hermes::handler : Preparing decoder
INFO:snips_asr_hermes::handler : Listening at site id lounge
INFO:snips_asr_hermes::handler : Listening
INFO:snips_asr_lib::asr        : T0       entered AsrRunner::run
INFO:snips_asr_lib::asr        : T0+0.000 capture started
INFO:snips_asr_lib::asr        : T0+2.505 endpoint detected (rule:2) frame:155 samples:39680 signal_time:2.48 rtf:0.429
INFO:snips_asr_lib::asr        : T0+2.508 capture ended
INFO:snips_asr_lib::asr        : T0+2.530 decoder finalized
INFO:snips_asr_lib::asr        : T0+2.565 lookup and post-processing done
INFO:snips_asr_lib::asr        : decoded: [Recognition { decoded_string: "unknownword", likelihood: 0.5, tokens: Some([Token { value: "unknownword", confidence: 0.27126437, time: (0.37834197, 1.3472021), range: 0..11 }]) }]
INFO:snips_asr_hermes::handler : Publishing the recognition
INFO:snips_asr_hermes::handler : Preparing decoder
INFO:snips_asr_hermes::handler : Listening at site id lounge
INFO:snips_asr_hermes::handler : Listening
INFO:snips_asr_lib::asr        : T0       entered AsrRunner::run
INFO:snips_asr_lib::asr        : T0+0.000 capture started
INFO:snips_asr_lib::asr        : T0+2.230 endpoint detected (rule:4) frame:129 samples:33024 signal_time:2.064 rtf:0.340
INFO:snips_asr_lib::asr        : T0+2.234 capture ended
INFO:snips_asr_lib::asr        : T0+2.245 decoder finalized
INFO:snips_asr_lib::asr        : T0+2.264 lookup and post-processing done
INFO:snips_asr_lib::asr        : decoded: [Recognition { decoded_string: "dinner time", likelihood: 1.0, tokens: Some([Token { value: "dinner", confidence: 1.0, time: (0.0, 0.71999997), range: 0..6 }, Token { value: "time", confidence: 1.0, time: (0.71999997, 1.89), range: 7..11 }]) }]
INFO:snips_asr_hermes::handler : Publishing the recognition
INFO:snips_asr_hermes::handler : Preparing decoder
INFO:snips_asr_hermes::handler : Listening at site id dining-room
INFO:snips_asr_hermes::handler : Listening
INFO:snips_asr_lib::asr        : T0       entered AsrRunner::run
INFO:snips_asr_lib::asr        : T0+0.000 capture started
INFO:snips_asr_lib::asr        : T0+2.086 endpoint detected (rule:2) frame:116 samples:29696 signal_time:1.856 rtf:0.446
INFO:snips_asr_lib::asr        : T0+2.093 capture ended
INFO:snips_asr_lib::asr        : T0+2.118 decoder finalized
INFO:snips_asr_lib::asr        : T0+2.153 lookup and post-processing done
INFO:snips_asr_lib::asr        : decoded: [Recognition { decoded_string: "three", likelihood: 0.5318772, tokens: Some([Token { value: "three", confidence: 0.5318772, time: (0.0, 1.68), range: 0..5 }]) }]
INFO:snips_asr_hermes::handler : Publishing the recognition
INFO:snips_asr_hermes::handler : Preparing decoder
INFO:snips_asr_hermes::handler : Listening at site id lounge
INFO:snips_asr_hermes::handler : Listening
INFO:snips_asr_lib::asr        : T0       entered AsrRunner::run
INFO:snips_asr_lib::asr        : T0+0.000 capture started
INFO:snips_asr_lib::asr        : T0+1.818 endpoint detected (rule:4) frame:103 samples:26368 signal_time:1.648 rtf:0.400
INFO:snips_asr_lib::asr        : T0+1.829 capture ended
INFO:snips_asr_lib::asr        : T0+1.870 decoder finalized
INFO:snips_asr_lib::asr        : T0+1.907 lookup and post-processing done
INFO:snips_asr_lib::asr        : decoded: [Recognition { decoded_string: "dog", likelihood: 0.56649786, tokens: Some([Token { value: "dog", confidence: 0.56649786, time: (0.06091331, 1.4405977), range: 0..3 }]) }]
INFO:snips_asr_hermes::handler : Publishing the recognition
INFO:snips_asr_hermes::handler : Preparing decoder
INFO:snips_asr_hermes::handler : Listening at site id lounge
INFO:snips_asr_hermes::handler : Listening
INFO:snips_asr_lib::asr        : T0       entered AsrRunner::run
INFO:snips_asr_lib::asr        : T0+0.000 capture started
INFO:snips_asr_lib::asr        : T0+2.748 endpoint detected (rule:4) frame:168 samples:43008 signal_time:2.688 rtf:0.408
INFO:snips_asr_lib::asr        : T0+2.750 capture ended
INFO:snips_asr_lib::asr        : T0+2.766 decoder finalized
INFO:snips_asr_lib::asr        : T0+2.789 lookup and post-processing done
INFO:snips_asr_lib::asr        : decoded: [Recognition { decoded_string: "quiet", likelihood: 0.97518927, tokens: Some([Token { value: "quiet", confidence: 0.97518927, time: (0.0, 2.52), range: 0..5 }]) }]
INFO:snips_asr_hermes::handler : Publishing the recognition
INFO:snips_asr_hermes::handler : Preparing decoder
INFO:snips_asr_hermes::handler : Listening at site id lounge
INFO:snips_asr_hermes::handler : Listening
INFO:snips_asr_lib::asr        : T0       entered AsrRunner::run
INFO:snips_asr_lib::asr        : T0+0.000 capture started
INFO:snips_asr_lib::asr        : T0+2.536 endpoint detected (rule:4) frame:142 samples:36352 signal_time:2.272 rtf:0.405
INFO:snips_asr_lib::asr        : T0+2.546 capture ended
INFO:snips_asr_lib::asr        : T0+2.558 decoder finalized
INFO:snips_asr_lib::asr        : T0+2.590 lookup and post-processing done
INFO:snips_asr_lib::asr        : decoded: [Recognition { decoded_string: "play onto two kelvin", likelihood: 0.59338623, tokens: Some([Token { value: "play", confidence: 0.85987294, time: (0.0, 0.16505308), range: 0..4 }, Token { value: "onto", confidence: 0.33627474, time: (0.18114932, 0.56550133), range: 5..9 }, Token { value: "two", confidence: 0.46107903, time: (0.65407175, 0.8007541), range: 10..13 }, Token { value: "kelvin", confidence: 0.9299209, time: (0.8007541, 2.1), range: 14..20 }]) }]
INFO:snips_asr_hermes::handler : Publishing the recognition
INFO:snips_asr_hermes::handler : Preparing decoder
