INFO:snips_tts_hermes: starting with provider DefaultTts { primary: None, backup: PicoTts }
INFO:snips_tts_hermes: Received a play finished message from audio server with an unknown id 'ce64a11b-3cea-4c4b-bfa8-81edb2b8d414'. Ignoring it.
INFO:snips_tts_hermes: Received a play finished message from audio server with an unknown id '77cbe5a5-a277-4be9-a23e-21b50e9bbe51'. Ignoring it.
INFO:snips_tts_hermes: Received a play finished message from audio server with an unknown id '4755bd55-2e5e-4ef7-8213-108c01d13173'. Ignoring it.
INFO:snips_tts_hermes: Received a play finished message from audio server with an unknown id '89331c46-7bb5-4890-a092-2b9c3de514b7'. Ignoring it.
INFO:snips_tts_hermes: Received a play finished message from audio server with an unknown id '4a7a7c44-8274-4177-8277-8f36285e2dce'. Ignoring it.
INFO:snips_tts_hermes: Received a play finished message from audio server with an unknown id 'b6544bc9-b2dc-45bc-9d05-c290288fe1f2'. Ignoring it.
INFO:snips_tts_hermes: Received a play finished message from audio server with an unknown id '24e2b5d9-4166-4e85-a5f0-231a2a79558d'. Ignoring it.
INFO:snips_tts_hermes: Received a play finished message from audio server with an unknown id '0e5e9cf7-699d-4bf0-9d76-5753709f2ec0'. Ignoring it.
INFO:snips_tts_hermes: Received a play finished message from audio server with an unknown id '77d695a3-c313-4c8e-afca-10b05af78d3c'. Ignoring it.
INFO:snips_tts_hermes: Received a play finished message from audio server with an unknown id '4017beb2-37c9-47bc-892a-3d5b119d02ae'. Ignoring it.
INFO:snips_tts_hermes: Received a play finished message from audio server with an unknown id '5777b8f2-48e1-4470-a8eb-11c2b5420209'. Ignoring it.
INFO:snips_tts_hermes: Received a play finished message from audio server with an unknown id '6e4bd591-ad76-4c36-94b6-7f11f2ead05b'. Ignoring it.
INFO:snips_tts_hermes: Received a play finished message from audio server with an unknown id '183b22d1-88fa-4cd1-b9f7-f503cb4ad8a5'. Ignoring it.
INFO:snips_tts_hermes: Received a play finished message from audio server with an unknown id '4ec4daeb-bc32-44a9-9759-2e60c61ea56d'. Ignoring it.
INFO:snips_tts_hermes: Received a play finished message from audio server with an unknown id '425ae248-a67f-4f79-9ced-89eefde88911'. Ignoring it.
INFO:snips_tts_hermes: Received a play finished message from audio server with an unknown id 'f90f247e-4c47-4889-92d1-818ac8be0c7d'. Ignoring it.
INFO:snips_tts_hermes: Received a play finished message from audio server with an unknown id '44431f3c-1616-475f-b375-adf0ebf9e2b9'. Ignoring it.
INFO:snips_tts_hermes: Received a play finished message from audio server with an unknown id '3817a91a-9210-4950-8e91-7ca05e85bf0e'. Ignoring it.
INFO:snips_tts_hermes: Received a play finished message from audio server with an unknown id '5cd440d7-15eb-4ac8-9b30-e925b4f36761'. Ignoring it.
INFO:snips_tts_hermes: Received a play finished message from audio server with an unknown id 'd1c16c0e-fa36-43c6-91d4-c3db63017132'. Ignoring it.
INFO:snips_tts_hermes: Received a play finished message from audio server with an unknown id '24d2524b-1eb5-4158-8f0a-f39fe18cc612'. Ignoring it.
INFO:snips_tts_hermes: Received a play finished message from audio server with an unknown id '4f565f3d-3f7c-4dd7-9f10-a8993d6cf7e0'. Ignoring it.
INFO:snips_tts_hermes: Received a play finished message from audio server with an unknown id '1edb6df5-ad82-44f1-acd3-726e61928626'. Ignoring it.
INFO:snips_tts_hermes: Received a play finished message from audio server with an unknown id '817f276f-407a-4259-9e77-38d7d5a04c62'. Ignoring it.
INFO:snips_tts_hermes: Received a play finished message from audio server with an unknown id '05dfb510-7509-463d-a2d8-ba35af349baf'. Ignoring it.
INFO:snips_tts_hermes: Received a play finished message from audio server with an unknown id 'a779dd59-5405-4103-b9d3-caed9813ee65'. Ignoring it.
INFO:snips_tts_hermes: Received a play finished message from audio server with an unknown id 'd8b4bb44-7d23-4fc9-abc5-a07d2794854e'. Ignoring it.
INFO:snips_tts_hermes: Received a play finished message from audio server with an unknown id 'd0496a7f-5327-41cf-ae3c-199522b08da9'. Ignoring it.
INFO:snips_tts_hermes: Received a play finished message from audio server with an unknown id '6a17d439-0079-49c1-8bd2-ca81d69b84fc'. Ignoring it.
INFO:snips_tts_hermes: Received a play finished message from audio server with an unknown id '7c9c525a-d3df-47d5-ac50-200eaffbe4c6'. Ignoring it.
INFO:snips_tts_hermes: Received a play finished message from audio server with an unknown id '247ac2a1-5cae-44da-9696-5aa73c05943b'. Ignoring it.
INFO:snips_tts_hermes: Received a play finished message from audio server with an unknown id '43aa3b32-7357-43a9-aabd-a86fbccf38a7'. Ignoring it.
INFO:snips_tts_hermes: Received a play finished message from audio server with an unknown id '7e07b298-3e20-4d6c-801d-e4722e7c01d6'. Ignoring it.
INFO:snips_tts_hermes: Received a play finished message from audio server with an unknown id 'fcc85f13-d56b-48a5-b4ea-9e8688e49b62'. Ignoring it.
INFO:snips_tts_hermes: Received a play finished message from audio server with an unknown id '64596d31-fad7-4ebe-a7a2-6238879a7b63'. Ignoring it.
INFO:snips_tts_hermes: Received a play finished message from audio server with an unknown id '410cf549-6f76-490d-87a8-970678fbc1e6'. Ignoring it.
INFO:snips_tts_hermes: Received a play finished message from audio server with an unknown id 'b5778479-abaa-4a52-9c96-b28a56c9b55f'. Ignoring it.
INFO:snips_tts_hermes: Received a play finished message from audio server with an unknown id '7150bc66-92d5-4780-b035-41c46d760a7b'. Ignoring it.
INFO:snips_tts_hermes: Received a play finished message from audio server with an unknown id '76740234-659b-4f4f-9140-fdf170f27d94'. Ignoring it.
INFO:snips_tts_hermes: Received a play finished message from audio server with an unknown id '900336be-0f60-4383-9352-1e8727445116'. Ignoring it.
INFO:snips_tts_hermes: Received a play finished message from audio server with an unknown id '2f6c82e0-b230-41f2-860c-c9ad5fc3d90d'. Ignoring it.
INFO:snips_tts_hermes: Received a play finished message from audio server with an unknown id '0b717654-c011-45b6-b375-ccb8bb3ca50d'. Ignoring it.
