INFO:snips_nlu_hermes: loading nlu engine "/usr/share/snips/assistant/nlu_engine"
INFO:snips_nlu_lib::resources::loading: Loading stemmer ("/usr/share/snips/assistant/nlu_engine/resources/en/stemming/stems.txt") ...
INFO:snips_nlu_lib::resources::loading: Stemmer loaded
INFO:snips_nlu_lib::resources::loading: Loading gazetteer 'top_10000_words_stemmed' ("/usr/share/snips/assistant/nlu_engine/resources/en/gazetteers/top_10000_words_stemmed.txt") ...
INFO:snips_nlu_lib::resources::loading: Gazetteer 'top_10000_words_stemmed' loaded
INFO:snips_nlu_lib::resources::loading: Loading word clusters 'brown_clusters' ("/usr/share/snips/assistant/nlu_engine/resources/en/word_clusters/brown_clusters.txt") ...
INFO:snips_nlu_lib::resources::loading: Word clusters 'brown_clusters' loaded
INFO:snips_nlu_lib::resources::loading: Loading stop words ("/usr/share/snips/assistant/nlu_engine/resources/en/stop_words.txt") ...
INFO:snips_nlu_lib::resources::loading: Stop words loaded
INFO:snips_nlu_lib::entity_parser::builtin_entity_parser: Loading builtin entity parser ("/usr/share/snips/assistant/nlu_engine/builtin_entity_parser") ...
INFO:snips_nlu_lib::entity_parser::builtin_entity_parser: Builtin entity parser loaded
INFO:snips_nlu_lib::entity_parser::custom_entity_parser : Loading custom entity parser ("/usr/share/snips/assistant/nlu_engine/custom_entity_parser") ...
INFO:snips_nlu_lib::entity_parser::custom_entity_parser : Custom entity parser loaded
INFO:snips_nlu_lib::intent_classifier::log_reg_intent_classifier: Loading log reg intent classifier ("/usr/share/snips/assistant/nlu_engine/probabilistic_intent_parser/intent_classifier") ...
INFO:snips_nlu_lib::intent_classifier::log_reg_intent_classifier: Log reg intent classifier loaded
INFO:snips_nlu_lib::slot_filler::crf_slot_filler                : Loading CRF slot filler ("/usr/share/snips/assistant/nlu_engine/probabilistic_intent_parser/slot_filler_0") ...
INFO:snips_nlu_lib::slot_filler::crf_slot_filler                : CRF slot filler loaded
INFO:snips_nlu_lib::slot_filler::crf_slot_filler                : Loading CRF slot filler ("/usr/share/snips/assistant/nlu_engine/probabilistic_intent_parser/slot_filler_1") ...
INFO:snips_nlu_lib::slot_filler::crf_slot_filler                : CRF slot filler loaded
INFO:snips_nlu_lib::slot_filler::crf_slot_filler                : Loading CRF slot filler ("/usr/share/snips/assistant/nlu_engine/probabilistic_intent_parser/slot_filler_2") ...
INFO:snips_nlu_lib::slot_filler::crf_slot_filler                : CRF slot filler loaded
INFO:snips_nlu_lib::slot_filler::crf_slot_filler                : Loading CRF slot filler ("/usr/share/snips/assistant/nlu_engine/probabilistic_intent_parser/slot_filler_3") ...
INFO:snips_nlu_lib::slot_filler::crf_slot_filler                : CRF slot filler loaded
INFO:snips_nlu_lib::slot_filler::crf_slot_filler                : Loading CRF slot filler ("/usr/share/snips/assistant/nlu_engine/probabilistic_intent_parser/slot_filler_4") ...
INFO:snips_nlu_lib::slot_filler::crf_slot_filler                : CRF slot filler loaded
INFO:snips_nlu_lib::slot_filler::crf_slot_filler                : Loading CRF slot filler ("/usr/share/snips/assistant/nlu_engine/probabilistic_intent_parser/slot_filler_5") ...
INFO:snips_nlu_lib::slot_filler::crf_slot_filler                : CRF slot filler loaded
INFO:snips_nlu_lib::slot_filler::crf_slot_filler                : Loading CRF slot filler ("/usr/share/snips/assistant/nlu_engine/probabilistic_intent_parser/slot_filler_6") ...
INFO:snips_nlu_lib::slot_filler::crf_slot_filler                : CRF slot filler loaded
INFO:snips_nlu_lib::slot_filler::crf_slot_filler                : Loading CRF slot filler ("/usr/share/snips/assistant/nlu_engine/probabilistic_intent_parser/slot_filler_7") ...
INFO:snips_nlu_lib::slot_filler::crf_slot_filler                : CRF slot filler loaded
INFO:snips_nlu_lib::slot_filler::crf_slot_filler                : Loading CRF slot filler ("/usr/share/snips/assistant/nlu_engine/probabilistic_intent_parser/slot_filler_8") ...
INFO:snips_nlu_lib::slot_filler::crf_slot_filler                : CRF slot filler loaded
INFO:snips_nlu_lib::slot_filler::crf_slot_filler                : Loading CRF slot filler ("/usr/share/snips/assistant/nlu_engine/probabilistic_intent_parser/slot_filler_9") ...
INFO:snips_nlu_lib::slot_filler::crf_slot_filler                : CRF slot filler loaded
INFO:snips_nlu_lib::slot_filler::crf_slot_filler                : Loading CRF slot filler ("/usr/share/snips/assistant/nlu_engine/probabilistic_intent_parser/slot_filler_10") ...
INFO:snips_nlu_lib::slot_filler::crf_slot_filler                : CRF slot filler loaded
INFO:snips_nlu_lib::slot_filler::crf_slot_filler                : Loading CRF slot filler ("/usr/share/snips/assistant/nlu_engine/probabilistic_intent_parser/slot_filler_11") ...
INFO:snips_nlu_lib::slot_filler::crf_slot_filler                : CRF slot filler loaded
INFO:snips_nlu_lib::slot_filler::crf_slot_filler                : Loading CRF slot filler ("/usr/share/snips/assistant/nlu_engine/probabilistic_intent_parser/slot_filler_12") ...
INFO:snips_nlu_lib::slot_filler::crf_slot_filler                : CRF slot filler loaded
INFO:snips_nlu_lib::slot_filler::crf_slot_filler                : Loading CRF slot filler ("/usr/share/snips/assistant/nlu_engine/probabilistic_intent_parser/slot_filler_13") ...
INFO:snips_nlu_lib::slot_filler::crf_slot_filler                : CRF slot filler loaded
INFO:snips_nlu_lib::slot_filler::crf_slot_filler                : Loading CRF slot filler ("/usr/share/snips/assistant/nlu_engine/probabilistic_intent_parser/slot_filler_14") ...
INFO:snips_nlu_lib::slot_filler::crf_slot_filler                : CRF slot filler loaded
INFO:snips_nlu_lib::slot_filler::crf_slot_filler                : Loading CRF slot filler ("/usr/share/snips/assistant/nlu_engine/probabilistic_intent_parser/slot_filler_15") ...
INFO:snips_nlu_lib::slot_filler::crf_slot_filler                : CRF slot filler loaded
INFO:snips_nlu_lib::slot_filler::crf_slot_filler                : Loading CRF slot filler ("/usr/share/snips/assistant/nlu_engine/probabilistic_intent_parser/slot_filler_16") ...
INFO:snips_nlu_lib::slot_filler::crf_slot_filler                : CRF slot filler loaded
INFO:snips_nlu_lib::slot_filler::crf_slot_filler                : Loading CRF slot filler ("/usr/share/snips/assistant/nlu_engine/probabilistic_intent_parser/slot_filler_17") ...
INFO:snips_nlu_lib::slot_filler::crf_slot_filler                : CRF slot filler loaded
INFO:snips_nlu_lib::slot_filler::crf_slot_filler                : Loading CRF slot filler ("/usr/share/snips/assistant/nlu_engine/probabilistic_intent_parser/slot_filler_18") ...
INFO:snips_nlu_lib::slot_filler::crf_slot_filler                : CRF slot filler loaded
INFO:snips_nlu_lib::slot_filler::crf_slot_filler                : Loading CRF slot filler ("/usr/share/snips/assistant/nlu_engine/probabilistic_intent_parser/slot_filler_19") ...
INFO:snips_nlu_lib::slot_filler::crf_slot_filler                : CRF slot filler loaded
INFO:snips_nlu_lib::slot_filler::crf_slot_filler                : Loading CRF slot filler ("/usr/share/snips/assistant/nlu_engine/probabilistic_intent_parser/slot_filler_20") ...
INFO:snips_nlu_lib::slot_filler::crf_slot_filler                : CRF slot filler loaded
INFO:snips_nlu_lib::slot_filler::crf_slot_filler                : Loading CRF slot filler ("/usr/share/snips/assistant/nlu_engine/probabilistic_intent_parser/slot_filler_21") ...
INFO:snips_nlu_lib::slot_filler::crf_slot_filler                : CRF slot filler loaded
INFO:snips_nlu_lib::slot_filler::crf_slot_filler                : Loading CRF slot filler ("/usr/share/snips/assistant/nlu_engine/probabilistic_intent_parser/slot_filler_22") ...
INFO:snips_nlu_lib::slot_filler::crf_slot_filler                : CRF slot filler loaded
INFO:snips_nlu_lib::slot_filler::crf_slot_filler                : Loading CRF slot filler ("/usr/share/snips/assistant/nlu_engine/probabilistic_intent_parser/slot_filler_23") ...
INFO:snips_nlu_lib::slot_filler::crf_slot_filler                : CRF slot filler loaded
INFO:snips_nlu_lib::slot_filler::crf_slot_filler                : Loading CRF slot filler ("/usr/share/snips/assistant/nlu_engine/probabilistic_intent_parser/slot_filler_24") ...
INFO:snips_nlu_lib::slot_filler::crf_slot_filler                : CRF slot filler loaded
INFO:snips_nlu_lib::slot_filler::crf_slot_filler                : Loading CRF slot filler ("/usr/share/snips/assistant/nlu_engine/probabilistic_intent_parser/slot_filler_25") ...
INFO:snips_nlu_lib::slot_filler::crf_slot_filler                : CRF slot filler loaded
INFO:snips_nlu_lib::slot_filler::crf_slot_filler                : Loading CRF slot filler ("/usr/share/snips/assistant/nlu_engine/probabilistic_intent_parser/slot_filler_26") ...
INFO:snips_nlu_lib::slot_filler::crf_slot_filler                : CRF slot filler loaded
INFO:snips_nlu_lib::slot_filler::crf_slot_filler                : Loading CRF slot filler ("/usr/share/snips/assistant/nlu_engine/probabilistic_intent_parser/slot_filler_27") ...
INFO:snips_nlu_lib::slot_filler::crf_slot_filler                : CRF slot filler loaded
INFO:snips_nlu_lib::slot_filler::crf_slot_filler                : Loading CRF slot filler ("/usr/share/snips/assistant/nlu_engine/probabilistic_intent_parser/slot_filler_28") ...
INFO:snips_nlu_lib::slot_filler::crf_slot_filler                : CRF slot filler loaded
INFO:snips_nlu_lib::slot_filler::crf_slot_filler                : Loading CRF slot filler ("/usr/share/snips/assistant/nlu_engine/probabilistic_intent_parser/slot_filler_29") ...
INFO:snips_nlu_lib::slot_filler::crf_slot_filler                : CRF slot filler loaded
INFO:snips_nlu_lib::slot_filler::crf_slot_filler                : Loading CRF slot filler ("/usr/share/snips/assistant/nlu_engine/probabilistic_intent_parser/slot_filler_30") ...
INFO:snips_nlu_lib::slot_filler::crf_slot_filler                : CRF slot filler loaded
INFO:snips_nlu_lib::slot_filler::crf_slot_filler                : Loading CRF slot filler ("/usr/share/snips/assistant/nlu_engine/probabilistic_intent_parser/slot_filler_31") ...
INFO:snips_nlu_lib::slot_filler::crf_slot_filler                : CRF slot filler loaded
INFO:snips_nlu_lib::slot_filler::crf_slot_filler                : Loading CRF slot filler ("/usr/share/snips/assistant/nlu_engine/probabilistic_intent_parser/slot_filler_32") ...
INFO:snips_nlu_lib::slot_filler::crf_slot_filler                : CRF slot filler loaded
INFO:snips_nlu_lib::slot_filler::crf_slot_filler                : Loading CRF slot filler ("/usr/share/snips/assistant/nlu_engine/probabilistic_intent_parser/slot_filler_33") ...
INFO:snips_nlu_lib::slot_filler::crf_slot_filler                : CRF slot filler loaded
INFO:snips_nlu_lib::slot_filler::crf_slot_filler                : Loading CRF slot filler ("/usr/share/snips/assistant/nlu_engine/probabilistic_intent_parser/slot_filler_34") ...
INFO:snips_nlu_lib::slot_filler::crf_slot_filler                : CRF slot filler loaded
INFO:snips_nlu_lib::slot_filler::crf_slot_filler                : Loading CRF slot filler ("/usr/share/snips/assistant/nlu_engine/probabilistic_intent_parser/slot_filler_35") ...
INFO:snips_nlu_lib::slot_filler::crf_slot_filler                : CRF slot filler loaded
INFO:snips_nlu_lib::slot_filler::crf_slot_filler                : Loading CRF slot filler ("/usr/share/snips/assistant/nlu_engine/probabilistic_intent_parser/slot_filler_36") ...
INFO:snips_nlu_lib::slot_filler::crf_slot_filler                : CRF slot filler loaded
INFO:snips_nlu_lib::slot_filler::crf_slot_filler                : Loading CRF slot filler ("/usr/share/snips/assistant/nlu_engine/probabilistic_intent_parser/slot_filler_37") ...
INFO:snips_nlu_lib::slot_filler::crf_slot_filler                : CRF slot filler loaded
INFO:snips_nlu_lib::slot_filler::crf_slot_filler                : Loading CRF slot filler ("/usr/share/snips/assistant/nlu_engine/probabilistic_intent_parser/slot_filler_38") ...
INFO:snips_nlu_lib::slot_filler::crf_slot_filler                : CRF slot filler loaded
INFO:snips_nlu_lib::slot_filler::crf_slot_filler                : Loading CRF slot filler ("/usr/share/snips/assistant/nlu_engine/probabilistic_intent_parser/slot_filler_39") ...
INFO:snips_nlu_lib::slot_filler::crf_slot_filler                : CRF slot filler loaded
INFO:snips_nlu_lib::slot_filler::crf_slot_filler                : Loading CRF slot filler ("/usr/share/snips/assistant/nlu_engine/probabilistic_intent_parser/slot_filler_40") ...
INFO:snips_nlu_lib::slot_filler::crf_slot_filler                : CRF slot filler loaded
INFO:snips_nlu_lib::slot_filler::crf_slot_filler                : Loading CRF slot filler ("/usr/share/snips/assistant/nlu_engine/probabilistic_intent_parser/slot_filler_41") ...
INFO:snips_nlu_lib::slot_filler::crf_slot_filler                : CRF slot filler loaded
INFO:snips_nlu_lib::slot_filler::crf_slot_filler                : Loading CRF slot filler ("/usr/share/snips/assistant/nlu_engine/probabilistic_intent_parser/slot_filler_42") ...
INFO:snips_nlu_lib::slot_filler::crf_slot_filler                : CRF slot filler loaded
INFO:snips_nlu_lib::slot_filler::crf_slot_filler                : Loading CRF slot filler ("/usr/share/snips/assistant/nlu_engine/probabilistic_intent_parser/slot_filler_43") ...
INFO:snips_nlu_lib::slot_filler::crf_slot_filler                : CRF slot filler loaded
INFO:snips_nlu_lib::slot_filler::crf_slot_filler                : Loading CRF slot filler ("/usr/share/snips/assistant/nlu_engine/probabilistic_intent_parser/slot_filler_44") ...
INFO:snips_nlu_lib::slot_filler::crf_slot_filler                : CRF slot filler loaded
INFO:snips_nlu_lib::slot_filler::crf_slot_filler                : Loading CRF slot filler ("/usr/share/snips/assistant/nlu_engine/probabilistic_intent_parser/slot_filler_45") ...
INFO:snips_nlu_lib::slot_filler::crf_slot_filler                : CRF slot filler loaded
INFO:snips_nlu_lib::slot_filler::crf_slot_filler                : Loading CRF slot filler ("/usr/share/snips/assistant/nlu_engine/probabilistic_intent_parser/slot_filler_46") ...
INFO:snips_nlu_lib::slot_filler::crf_slot_filler                : CRF slot filler loaded
INFO:snips_nlu_lib::slot_filler::crf_slot_filler                : Loading CRF slot filler ("/usr/share/snips/assistant/nlu_engine/probabilistic_intent_parser/slot_filler_47") ...
INFO:snips_nlu_lib::slot_filler::crf_slot_filler                : CRF slot filler loaded
INFO:snips_nlu_lib::slot_filler::crf_slot_filler                : Loading CRF slot filler ("/usr/share/snips/assistant/nlu_engine/probabilistic_intent_parser/slot_filler_48") ...
INFO:snips_nlu_lib::slot_filler::crf_slot_filler                : CRF slot filler loaded
INFO:snips_nlu_lib::slot_filler::crf_slot_filler                : Loading CRF slot filler ("/usr/share/snips/assistant/nlu_engine/probabilistic_intent_parser/slot_filler_49") ...
INFO:snips_nlu_lib::slot_filler::crf_slot_filler                : CRF slot filler loaded
INFO:snips_nlu_lib::slot_filler::crf_slot_filler                : Loading CRF slot filler ("/usr/share/snips/assistant/nlu_engine/probabilistic_intent_parser/slot_filler_50") ...
INFO:snips_nlu_lib::slot_filler::crf_slot_filler                : CRF slot filler loaded
INFO:snips_nlu_lib::slot_filler::crf_slot_filler                : Loading CRF slot filler ("/usr/share/snips/assistant/nlu_engine/probabilistic_intent_parser/slot_filler_51") ...
INFO:snips_nlu_lib::slot_filler::crf_slot_filler                : CRF slot filler loaded
INFO:snips_nlu_lib::slot_filler::crf_slot_filler                : Loading CRF slot filler ("/usr/share/snips/assistant/nlu_engine/probabilistic_intent_parser/slot_filler_52") ...
INFO:snips_nlu_lib::slot_filler::crf_slot_filler                : CRF slot filler loaded
INFO:snips_nlu_lib::slot_filler::crf_slot_filler                : Loading CRF slot filler ("/usr/share/snips/assistant/nlu_engine/probabilistic_intent_parser/slot_filler_53") ...
INFO:snips_nlu_lib::slot_filler::crf_slot_filler                : CRF slot filler loaded
INFO:snips_nlu_lib::slot_filler::crf_slot_filler                : Loading CRF slot filler ("/usr/share/snips/assistant/nlu_engine/probabilistic_intent_parser/slot_filler_54") ...
INFO:snips_nlu_lib::slot_filler::crf_slot_filler                : CRF slot filler loaded
INFO:snips_nlu_lib::slot_filler::crf_slot_filler                : Loading CRF slot filler ("/usr/share/snips/assistant/nlu_engine/probabilistic_intent_parser/slot_filler_55") ...
INFO:snips_nlu_lib::slot_filler::crf_slot_filler                : CRF slot filler loaded
INFO:snips_nlu_lib::slot_filler::crf_slot_filler                : Loading CRF slot filler ("/usr/share/snips/assistant/nlu_engine/probabilistic_intent_parser/slot_filler_56") ...
INFO:snips_nlu_lib::slot_filler::crf_slot_filler                : CRF slot filler loaded
INFO:snips_nlu_lib::slot_filler::crf_slot_filler                : Loading CRF slot filler ("/usr/share/snips/assistant/nlu_engine/probabilistic_intent_parser/slot_filler_57") ...
INFO:snips_nlu_lib::slot_filler::crf_slot_filler                : CRF slot filler loaded
INFO:snips_nlu_lib::slot_filler::crf_slot_filler                : Loading CRF slot filler ("/usr/share/snips/assistant/nlu_engine/probabilistic_intent_parser/slot_filler_58") ...
INFO:snips_nlu_lib::slot_filler::crf_slot_filler                : CRF slot filler loaded
INFO:snips_nlu_lib::slot_filler::crf_slot_filler                : Loading CRF slot filler ("/usr/share/snips/assistant/nlu_engine/probabilistic_intent_parser/slot_filler_59") ...
INFO:snips_nlu_lib::slot_filler::crf_slot_filler                : CRF slot filler loaded
INFO:snips_nlu_lib::slot_filler::crf_slot_filler                : Loading CRF slot filler ("/usr/share/snips/assistant/nlu_engine/probabilistic_intent_parser/slot_filler_60") ...
INFO:snips_nlu_lib::slot_filler::crf_slot_filler                : CRF slot filler loaded
INFO:snips_nlu_lib::slot_filler::crf_slot_filler                : Loading CRF slot filler ("/usr/share/snips/assistant/nlu_engine/probabilistic_intent_parser/slot_filler_61") ...
INFO:snips_nlu_lib::slot_filler::crf_slot_filler                : CRF slot filler loaded
INFO:snips_nlu_lib::slot_filler::crf_slot_filler                : Loading CRF slot filler ("/usr/share/snips/assistant/nlu_engine/probabilistic_intent_parser/slot_filler_62") ...
INFO:snips_nlu_lib::slot_filler::crf_slot_filler                : CRF slot filler loaded
INFO:snips_nlu_lib::slot_filler::crf_slot_filler                : Loading CRF slot filler ("/usr/share/snips/assistant/nlu_engine/probabilistic_intent_parser/slot_filler_63") ...
INFO:snips_nlu_lib::slot_filler::crf_slot_filler                : CRF slot filler loaded
INFO:snips_nlu_hermes                                           : model loaded in 6352 ms
